<?xml version="1.0" encoding="UTF-8"?>
<!-- Generated by org.testng.reporters.JUnitReportReporter -->
<testsuite skipped="0" hostname="krish" name="dataprovider.f1" tests="3" failures="0" timestamp="2023-08-16T10:07:34 IST" time="23.167" errors="0">
  <testcase name="DataProvSampleTest" time="6.454" classname="dataprovider.f1"/>
  <system-out/>
  <testcase name="DataProvSampleTest" time="9.498" classname="dataprovider.f1"/>
  <system-out/>
  <testcase name="DataProvSampleTest" time="7.215" classname="dataprovider.f1"/>
  <system-out/>
</testsuite> <!-- dataprovider.f1 -->
