<?xml version="1.0" encoding="UTF-8"?>
<!-- Generated by org.testng.reporters.JUnitReportReporter -->
<testsuite skipped="0" hostname="krish" name="testngdepende.mr" tests="7" failures="0" timestamp="2023-08-04T09:46:44 IST" time="9.328" errors="0">
  <testcase name="visiting" time="3.696" classname="testngdepende.mr"/>
  <system-out/>
  <testcase name="max" time="0.152" classname="testngdepende.mr"/>
  <system-out/>
  <testcase name="refresh" time="0.027" classname="testngdepende.mr"/>
  <system-out/>
  <testcase name="refresh" time="1.223" classname="testngdepende.mr"/>
  <system-out/>
  <testcase name="refresh" time="0.733" classname="testngdepende.mr"/>
  <system-out/>
  <testcase name="clicking" time="0.790" classname="testngdepende.mr"/>
  <system-out/>
  <testcase name="closing" time="2.707" classname="testngdepende.mr"/>
  <system-out/>
</testsuite> <!-- testngdepende.mr -->
