<?xml version="1.0" encoding="UTF-8"?>
<!-- Generated by org.testng.reporters.JUnitReportReporter -->
<testsuite skipped="0" hostname="krish" name="testngwaits.w1" tests="1" failures="0" timestamp="2023-08-08T10:05:01 IST" time="3.498" errors="0">
  <testcase name="hdy" time="3.498" classname="testngwaits.w1"/>
  <system-out/>
</testsuite> <!-- testngwaits.w1 -->
