<?xml version="1.0" encoding="UTF-8"?>
<!-- Generated by org.testng.reporters.JUnitReportReporter -->
<testsuite skipped="0" hostname="krish" name="testngannotations.c1" tests="2" failures="0" timestamp="2023-08-04T10:07:48 IST" time="4.538" errors="0">
  <testcase name="t2" time="3.754" classname="testngannotations.c1"/>
  <system-out/>
  <testcase name="t1" time="0.784" classname="testngannotations.c1"/>
  <system-out/>
</testsuite> <!-- testngannotations.c1 -->
